<?xml version="1.0" encoding="UTF-8"?>
<testng-results skipped="0" failed="0" total="1" passed="1">
  <reporter-output>
  </reporter-output>
  <suite name="Default suite" duration-ms="85708" started-at="2020-07-25T10:56:23Z" finished-at="2020-07-25T10:57:49Z">
    <groups>
    </groups>
    <test name="Default test" duration-ms="85708" started-at="2020-07-25T10:56:23Z" finished-at="2020-07-25T10:57:49Z">
      <class name="com.ActiTime.LoginTest.FbLoginTest">
        <test-method status="PASS" signature="loadlogfile1()[pri:0, instance:com.ActiTime.LoginTest.FbLoginTest@4501b7af]" name="loadlogfile1" is-config="true" duration-ms="663" started-at="2020-07-25T16:26:23Z" finished-at="2020-07-25T16:26:24Z">
          <reporter-output>
          </reporter-output>
        </test-method> <!-- loadlogfile1 -->
        <test-method status="PASS" signature="check_validUser()[pri:0, instance:com.ActiTime.LoginTest.FbLoginTest@4501b7af]" name="check_validUser" duration-ms="84933" started-at="2020-07-25T16:26:24Z" finished-at="2020-07-25T16:27:48Z">
          <reporter-output>
          </reporter-output>
        </test-method> <!-- check_validUser -->
      </class> <!-- com.ActiTime.LoginTest.FbLoginTest -->
    </test> <!-- Default test -->
  </suite> <!-- Default suite -->
</testng-results>
